<?xml version="1.0" encoding="UTF-8"?>
<!-- Generated by org.testng.reporters.JUnitReportReporter -->
<testsuite hostname="DESKTOP-0OH831K" failures="0" tests="3" name="thirdProjectAuto.MyTestcases" time="4.788" errors="0" timestamp="2024-08-11T22:00:45 EET" skipped="0">
  <testcase classname="thirdProjectAuto.MyTestcases" name="loginTest" time="0.305"/>
  <system-out/>
  <testcase classname="thirdProjectAuto.MyTestcases" name="addToCardallItems" time="4.235"/>
  <system-out/>
  <testcase classname="thirdProjectAuto.MyTestcases" name="removeAllitemsFromCard" time="0.248"/>
  <system-out/>
</testsuite> <!-- thirdProjectAuto.MyTestcases -->
